[0.825s] Invoking command in '/root/ROSTutorials/src/py_pubsub': PYTHONPATH=/root/ROSTutorials/install/py_pubsub/lib/python3.8/site-packages:${PYTHONPATH} /usr/bin/python3 setup.py egg_info --egg-base ../../build/py_pubsub build --build-base /root/ROSTutorials/build/py_pubsub/build install --prefix /root/ROSTutorials/install/py_pubsub --record /root/ROSTutorials/build/py_pubsub/install.log --single-version-externally-managed
[1.156s] running egg_info
[1.156s] creating ../../build/py_pubsub/py_pubsub.egg-info
[1.156s] writing ../../build/py_pubsub/py_pubsub.egg-info/PKG-INFO
[1.157s] writing dependency_links to ../../build/py_pubsub/py_pubsub.egg-info/dependency_links.txt
[1.157s] writing entry points to ../../build/py_pubsub/py_pubsub.egg-info/entry_points.txt
[1.157s] writing requirements to ../../build/py_pubsub/py_pubsub.egg-info/requires.txt
[1.158s] writing top-level names to ../../build/py_pubsub/py_pubsub.egg-info/top_level.txt
[1.164s] writing manifest file '../../build/py_pubsub/py_pubsub.egg-info/SOURCES.txt'
[1.203s] reading manifest file '../../build/py_pubsub/py_pubsub.egg-info/SOURCES.txt'
[1.204s] writing manifest file '../../build/py_pubsub/py_pubsub.egg-info/SOURCES.txt'
[1.204s] running build
[1.205s] running build_py
[1.205s] creating /root/ROSTutorials/build/py_pubsub/build
[1.205s] creating /root/ROSTutorials/build/py_pubsub/build/lib
[1.205s] creating /root/ROSTutorials/build/py_pubsub/build/lib/py_pubsub
[1.205s] copying py_pubsub/__init__.py -> /root/ROSTutorials/build/py_pubsub/build/lib/py_pubsub
[1.205s] copying py_pubsub/publisher_member_function.py -> /root/ROSTutorials/build/py_pubsub/build/lib/py_pubsub
[1.205s] copying py_pubsub/subscriber_member_function.py -> /root/ROSTutorials/build/py_pubsub/build/lib/py_pubsub
[1.205s] running install
[1.206s] running install_lib
[1.208s] creating /root/ROSTutorials/install/py_pubsub/lib/python3.8/site-packages/py_pubsub
[1.208s] copying /root/ROSTutorials/build/py_pubsub/build/lib/py_pubsub/__init__.py -> /root/ROSTutorials/install/py_pubsub/lib/python3.8/site-packages/py_pubsub
[1.208s] copying /root/ROSTutorials/build/py_pubsub/build/lib/py_pubsub/publisher_member_function.py -> /root/ROSTutorials/install/py_pubsub/lib/python3.8/site-packages/py_pubsub
[1.208s] copying /root/ROSTutorials/build/py_pubsub/build/lib/py_pubsub/subscriber_member_function.py -> /root/ROSTutorials/install/py_pubsub/lib/python3.8/site-packages/py_pubsub
[1.209s] byte-compiling /root/ROSTutorials/install/py_pubsub/lib/python3.8/site-packages/py_pubsub/__init__.py to __init__.cpython-38.pyc
[1.210s] byte-compiling /root/ROSTutorials/install/py_pubsub/lib/python3.8/site-packages/py_pubsub/publisher_member_function.py to publisher_member_function.cpython-38.pyc
[1.211s] byte-compiling /root/ROSTutorials/install/py_pubsub/lib/python3.8/site-packages/py_pubsub/subscriber_member_function.py to subscriber_member_function.cpython-38.pyc
[1.211s] running install_data
[1.212s] creating /root/ROSTutorials/install/py_pubsub/share/ament_index
[1.212s] creating /root/ROSTutorials/install/py_pubsub/share/ament_index/resource_index
[1.212s] creating /root/ROSTutorials/install/py_pubsub/share/ament_index/resource_index/packages
[1.213s] copying resource/py_pubsub -> /root/ROSTutorials/install/py_pubsub/share/ament_index/resource_index/packages
[1.213s] copying package.xml -> /root/ROSTutorials/install/py_pubsub/share/py_pubsub
[1.213s] running install_egg_info
[1.214s] Copying ../../build/py_pubsub/py_pubsub.egg-info to /root/ROSTutorials/install/py_pubsub/lib/python3.8/site-packages/py_pubsub-0.0.0-py3.8.egg-info
[1.216s] running install_scripts
[1.237s] Installing listener script to /root/ROSTutorials/install/py_pubsub/lib/py_pubsub
[1.237s] Installing talker script to /root/ROSTutorials/install/py_pubsub/lib/py_pubsub
[1.238s] writing list of installed files to '/root/ROSTutorials/build/py_pubsub/install.log'
[1.265s] Invoked command in '/root/ROSTutorials/src/py_pubsub' returned '0': PYTHONPATH=/root/ROSTutorials/install/py_pubsub/lib/python3.8/site-packages:${PYTHONPATH} /usr/bin/python3 setup.py egg_info --egg-base ../../build/py_pubsub build --build-base /root/ROSTutorials/build/py_pubsub/build install --prefix /root/ROSTutorials/install/py_pubsub --record /root/ROSTutorials/build/py_pubsub/install.log --single-version-externally-managed
