[0.806s] Invoking command in '/root/ROSTutorials/src/py_pubsub': PYTHONPATH=/root/ROSTutorials/install/py_pubsub/lib/python3.8/site-packages:${PYTHONPATH} /usr/bin/python3 setup.py egg_info --egg-base ../../build/py_pubsub build --build-base /root/ROSTutorials/build/py_pubsub/build install --prefix /root/ROSTutorials/install/py_pubsub --record /root/ROSTutorials/build/py_pubsub/install.log --single-version-externally-managed
[1.036s] running egg_info
[1.037s] writing ../../build/py_pubsub/py_pubsub.egg-info/PKG-INFO
[1.037s] writing dependency_links to ../../build/py_pubsub/py_pubsub.egg-info/dependency_links.txt
[1.038s] writing entry points to ../../build/py_pubsub/py_pubsub.egg-info/entry_points.txt
[1.038s] writing requirements to ../../build/py_pubsub/py_pubsub.egg-info/requires.txt
[1.038s] writing top-level names to ../../build/py_pubsub/py_pubsub.egg-info/top_level.txt
[1.087s] reading manifest file '../../build/py_pubsub/py_pubsub.egg-info/SOURCES.txt'
[1.088s] writing manifest file '../../build/py_pubsub/py_pubsub.egg-info/SOURCES.txt'
[1.089s] running build
[1.089s] running build_py
[1.089s] running install
[1.091s] running install_lib
[1.093s] running install_data
[1.094s] running install_egg_info
[1.096s] removing '/root/ROSTutorials/install/py_pubsub/lib/python3.8/site-packages/py_pubsub-0.0.0-py3.8.egg-info' (and everything under it)
[1.096s] Copying ../../build/py_pubsub/py_pubsub.egg-info to /root/ROSTutorials/install/py_pubsub/lib/python3.8/site-packages/py_pubsub-0.0.0-py3.8.egg-info
[1.097s] running install_scripts
[1.117s] Installing listener script to /root/ROSTutorials/install/py_pubsub/lib/py_pubsub
[1.117s] Installing talker script to /root/ROSTutorials/install/py_pubsub/lib/py_pubsub
[1.118s] writing list of installed files to '/root/ROSTutorials/build/py_pubsub/install.log'
[1.146s] Invoked command in '/root/ROSTutorials/src/py_pubsub' returned '0': PYTHONPATH=/root/ROSTutorials/install/py_pubsub/lib/python3.8/site-packages:${PYTHONPATH} /usr/bin/python3 setup.py egg_info --egg-base ../../build/py_pubsub build --build-base /root/ROSTutorials/build/py_pubsub/build install --prefix /root/ROSTutorials/install/py_pubsub --record /root/ROSTutorials/build/py_pubsub/install.log --single-version-externally-managed
